"Start of log file."
"E:/Praca Inzynierska Piotr Chrzan/Piotr Chrzan Mapping/Assets/American soldier/WW2 Soldier/Soldier.max"
"Starting max loading and fbx conversion"
window = undefined
"Settings units"
"Before fbx export"
"After fbx export"
"Finished max loading and fbx conversion"
"E:/Praca Inzynierska Piotr Chrzan/Piotr Chrzan Mapping/Assets/Wehrmacht soldier/Wehrmacht soldier.max"
"Starting max loading and fbx conversion"
window = undefined
"Settings units"
"Before fbx export"
"After fbx export"
"Finished max loading and fbx conversion"
"E:/Praca Inzynierska Piotr Chrzan/Piotr Chrzan Mapping/Assets/American soldier/WW2 Soldier/Soldier01.max"
"Starting max loading and fbx conversion"
window = undefined
"Settings units"
"Before fbx export"
"After fbx export"
"Finished max loading and fbx conversion"
